CRITICAL - 2026-05-20 08:48:47 --> ErrorException: Cannot redeclare App\Controllers\Visimisi::index()
[Method: GET, Route: visimisi]
in APPPATH\Controllers\Visimisi.php on line 14.
 1 [internal function]: CodeIgniter\Debug\Exceptions->shutdownHandler()
CRITICAL - 2026-05-20 09:02:20 --> ErrorException: Cannot redeclare App\Controllers\Visimisi::index()
[Method: GET, Route: dosen]
in APPPATH\Controllers\Dosen.php on line 14.
 1 [internal function]: CodeIgniter\Debug\Exceptions->shutdownHandler()
CRITICAL - 2026-05-20 09:09:42 --> Error: Class "App\Controllers\MahasiswaModel" not found
[Method: GET, Route: dosen]
in APPPATH\Controllers\Dosen.php on line 13.
 1 SYSTEMPATH\CodeIgniter.php(951): App\Controllers\Dosen->index()
 2 SYSTEMPATH\CodeIgniter.php(497): CodeIgniter\CodeIgniter->runController(Object(App\Controllers\Dosen))
 3 SYSTEMPATH\CodeIgniter.php(340): CodeIgniter\CodeIgniter->handleRequest(null, Object(Config\Cache), false)
 4 SYSTEMPATH\Boot.php(417): CodeIgniter\CodeIgniter->run()
 5 SYSTEMPATH\Boot.php(68): CodeIgniter\Boot::runCodeIgniter(Object(CodeIgniter\CodeIgniter))
 6 FCPATH\index.php(59): CodeIgniter\Boot::bootWeb(Object(Config\Paths))
 7 SYSTEMPATH\rewrite.php(44): require_once('D:\\xampp\\htdocs\\ci4\\public\\index.php')
CRITICAL - 2026-05-20 09:09:43 --> Error: Class "App\Controllers\MahasiswaModel" not found
[Method: GET, Route: dosen]
in APPPATH\Controllers\Dosen.php on line 13.
 1 SYSTEMPATH\CodeIgniter.php(951): App\Controllers\Dosen->index()
 2 SYSTEMPATH\CodeIgniter.php(497): CodeIgniter\CodeIgniter->runController(Object(App\Controllers\Dosen))
 3 SYSTEMPATH\CodeIgniter.php(340): CodeIgniter\CodeIgniter->handleRequest(null, Object(Config\Cache), false)
 4 SYSTEMPATH\Boot.php(417): CodeIgniter\CodeIgniter->run()
 5 SYSTEMPATH\Boot.php(68): CodeIgniter\Boot::runCodeIgniter(Object(CodeIgniter\CodeIgniter))
 6 FCPATH\index.php(59): CodeIgniter\Boot::bootWeb(Object(Config\Paths))
 7 SYSTEMPATH\rewrite.php(44): require_once('D:\\xampp\\htdocs\\ci4\\public\\index.php')
CRITICAL - 2026-05-20 09:10:43 --> ParseError: syntax error, unexpected token "public"
[Method: GET, Route: dosen]
in APPPATH\Controllers\Dosen.php on line 11.
 1 SYSTEMPATH\Autoloader\Autoloader.php(295): CodeIgniter\Autoloader\Autoloader->includeFile('D:\\xampp\\htdocs\\ci4\\app\\Controllers\\Dosen.php')
 2 SYSTEMPATH\Autoloader\Autoloader.php(271): CodeIgniter\Autoloader\Autoloader->loadInNamespace('App\\Controllers\\Dosen')
 3 [internal function]: CodeIgniter\Autoloader\Autoloader->loadClass('App\\Controllers\\Dosen')
 4 SYSTEMPATH\Router\Router.php(792): class_exists('\\App\\Controllers\\Dosen')
 5 SYSTEMPATH\Router\Router.php(230): CodeIgniter\Router\Router->processRouteAttributes()
 6 SYSTEMPATH\CodeIgniter.php(829): CodeIgniter\Router\Router->handle('dosen')
 7 SYSTEMPATH\CodeIgniter.php(441): CodeIgniter\CodeIgniter->tryToRouteIt(Object(CodeIgniter\Router\RouteCollection))
 8 SYSTEMPATH\CodeIgniter.php(340): CodeIgniter\CodeIgniter->handleRequest(null, Object(Config\Cache), false)
 9 SYSTEMPATH\Boot.php(417): CodeIgniter\CodeIgniter->run()
10 SYSTEMPATH\Boot.php(68): CodeIgniter\Boot::runCodeIgniter(Object(CodeIgniter\CodeIgniter))
11 FCPATH\index.php(59): CodeIgniter\Boot::bootWeb(Object(Config\Paths))
12 SYSTEMPATH\rewrite.php(44): require_once('D:\\xampp\\htdocs\\ci4\\public\\index.php')
CRITICAL - 2026-05-20 09:12:05 --> ErrorException: Undefined variable $data
[Method: GET, Route: dosen]
in APPPATH\Controllers\Dosen.php on line 13.
 1 APPPATH\Controllers\Dosen.php(13): CodeIgniter\Debug\Exceptions->errorHandler(2, 'Undefined variable $data', 'D:\\xampp\\htdocs\\ci4\\app\\Controllers\\Dosen.php', 13)
 2 SYSTEMPATH\CodeIgniter.php(951): App\Controllers\Dosen->index()
 3 SYSTEMPATH\CodeIgniter.php(497): CodeIgniter\CodeIgniter->runController(Object(App\Controllers\Dosen))
 4 SYSTEMPATH\CodeIgniter.php(340): CodeIgniter\CodeIgniter->handleRequest(null, Object(Config\Cache), false)
 5 SYSTEMPATH\Boot.php(417): CodeIgniter\CodeIgniter->run()
 6 SYSTEMPATH\Boot.php(68): CodeIgniter\Boot::runCodeIgniter(Object(CodeIgniter\CodeIgniter))
 7 FCPATH\index.php(59): CodeIgniter\Boot::bootWeb(Object(Config\Paths))
 8 SYSTEMPATH\rewrite.php(44): require_once('D:\\xampp\\htdocs\\ci4\\public\\index.php')
